2025-12-29 11:41:15,213 INFO  in.journal.MyJournalApplication - Starting MyJournalApplication using Java 21.0.7 with PID 26788 (C:\Users\TU39\git\repository4\MyJournal\target\classes started by TU39 in C:\Users\TU39\git\repository4\MyJournal)
2025-12-29 11:41:15,216 INFO  in.journal.MyJournalApplication - The following 1 profile is active: "dev"
2025-12-29 11:41:15,289 INFO  org.springframework.boot.devtools.env.DevToolsPropertyDefaultsPostProcessor - Devtools property defaults active! Set 'spring.devtools.add-properties' to 'false' to disable
2025-12-29 11:41:15,289 INFO  org.springframework.boot.devtools.env.DevToolsPropertyDefaultsPostProcessor - For additional web related logging consider setting the 'logging.level.web' property to 'DEBUG'
2025-12-29 11:41:15,521 INFO  org.hibernate.validator.internal.util.Version - HV000001: Hibernate Validator 9.0.1.Final
2025-12-29 11:41:16,161 INFO  org.springframework.data.repository.config.RepositoryConfigurationDelegate - Bootstrapping Spring Data JPA repositories in DEFAULT mode.
2025-12-29 11:41:16,225 INFO  org.springframework.data.repository.config.RepositoryConfigurationDelegate - Finished Spring Data repository scanning in 51 ms. Found 2 JPA repository interfaces.
2025-12-29 11:41:16,815 INFO  org.springframework.boot.tomcat.TomcatWebServer - Tomcat initialized with port 8080 (http)
2025-12-29 11:41:16,828 INFO  org.apache.coyote.http11.Http11NioProtocol - Initializing ProtocolHandler ["http-nio-8080"]
2025-12-29 11:41:16,830 INFO  org.apache.catalina.core.StandardService - Starting service [Tomcat]
2025-12-29 11:41:16,830 INFO  org.apache.catalina.core.StandardEngine - Starting Servlet engine: [Apache Tomcat/11.0.15]
2025-12-29 11:41:16,889 INFO  org.springframework.boot.web.context.servlet.WebApplicationContextInitializer - Root WebApplicationContext: initialization completed in 1594 ms
2025-12-29 11:41:17,071 INFO  org.hibernate.orm.jpa - HHH008540: Processing PersistenceUnitInfo [name: default]
2025-12-29 11:41:17,132 INFO  org.hibernate.orm.core - HHH000001: Hibernate ORM core version 7.2.0.Final
2025-12-29 11:41:17,637 INFO  org.springframework.orm.jpa.persistenceunit.SpringPersistenceUnitInfo - No LoadTimeWeaver setup: ignoring JPA class transformer
2025-12-29 11:41:17,672 INFO  com.zaxxer.hikari.HikariDataSource - HikariPool-1 - Starting...
2025-12-29 11:41:17,868 INFO  com.zaxxer.hikari.pool.HikariPool - HikariPool-1 - Added connection org.postgresql.jdbc.PgConnection@21ab831c
2025-12-29 11:41:17,870 INFO  com.zaxxer.hikari.HikariDataSource - HikariPool-1 - Start completed.
2025-12-29 11:41:17,912 WARN  org.hibernate.orm.deprecation - HHH90000025: PostgreSQLDialect does not need to be specified explicitly using 'hibernate.dialect' (remove the property setting and it will be selected by default)
2025-12-29 11:41:17,945 INFO  org.hibernate.orm.connections.pooling - HHH10001005: Database info:
	Database JDBC URL [jdbc:postgresql://localhost:5432/JournalEntries]
	Database driver: PostgreSQL JDBC Driver
	Database dialect: PostgreSQLDialect
	Database version: 17.4
	Default catalog/schema: JournalEntries/public
	Autocommit mode: undefined/unknown
	Isolation level: READ_COMMITTED [default READ_COMMITTED]
	JDBC fetch size: none
	Pool: DataSourceConnectionProvider
	Minimum pool size: undefined/unknown
	Maximum pool size: undefined/unknown
2025-12-29 11:41:19,082 INFO  org.hibernate.orm.core - HHH000489: No JTA platform available (set 'hibernate.transaction.jta.platform' to enable JTA platform integration)
2025-12-29 11:41:19,182 INFO  org.springframework.orm.jpa.LocalContainerEntityManagerFactoryBean - Initialized JPA EntityManagerFactory for persistence unit 'default'
2025-12-29 11:41:19,286 INFO  org.springframework.data.jpa.repository.query.QueryEnhancerFactories - Hibernate is in classpath; If applicable, HQL parser will be used.
2025-12-29 11:41:19,476 TRACE org.springframework.transaction.annotation.AnnotationTransactionAttributeSource - Adding transactional method 'in.journal.service.UserServiceImpl.deletebyUsername' with attribute: PROPAGATION_REQUIRED,ISOLATION_DEFAULT
2025-12-29 11:41:19,515 TRACE org.springframework.transaction.annotation.AnnotationTransactionAttributeSource - Adding transactional method 'in.journal.service.JournalService.createEntry' with attribute: PROPAGATION_REQUIRED,ISOLATION_DEFAULT
2025-12-29 11:41:19,517 TRACE org.springframework.transaction.annotation.AnnotationTransactionAttributeSource - Adding transactional method 'in.journal.service.JournalService.removeEntry' with attribute: PROPAGATION_REQUIRED,ISOLATION_DEFAULT
2025-12-29 11:41:19,597 WARN  org.springframework.boot.jpa.autoconfigure.JpaBaseConfiguration$JpaWebConfiguration - spring.jpa.open-in-view is enabled by default. Therefore, database queries may be performed during view rendering. Explicitly configure spring.jpa.open-in-view to disable this warning
2025-12-29 11:41:19,675 INFO  org.springframework.security.config.annotation.authentication.configuration.InitializeUserDetailsBeanManagerConfigurer$InitializeUserDetailsManagerConfigurer - Global AuthenticationManager configured with UserDetailsService bean with name customUserDetailServiceImp
2025-12-29 11:41:20,035 WARN  org.springframework.boot.thymeleaf.autoconfigure.ThymeleafAutoConfiguration$DefaultTemplateResolverConfiguration - Cannot find template location: classpath:/templates/ (please add some templates, check your Thymeleaf configuration, or set spring.thymeleaf.check-template-location=false)
2025-12-29 11:41:20,197 INFO  org.apache.coyote.http11.Http11NioProtocol - Starting ProtocolHandler ["http-nio-8080"]
2025-12-29 11:41:20,217 INFO  org.springframework.boot.tomcat.TomcatWebServer - Tomcat started on port 8080 (http) with context path '/'
2025-12-29 11:41:20,226 INFO  in.journal.MyJournalApplication - Started MyJournalApplication in 5.495 seconds (process running for 6.609)
