2025-12-29 11:36:48,486 INFO  in.journal.MyJournalApplication - Starting MyJournalApplication using Java 21.0.7 with PID 25372 (C:\Users\TU39\git\repository4\MyJournal\target\classes started by TU39 in C:\Users\TU39\git\repository4\MyJournal)
2025-12-29 11:36:48,486 INFO  in.journal.MyJournalApplication - The following 1 profile is active: "dev"
2025-12-29 11:36:48,815 INFO  org.springframework.data.repository.config.RepositoryConfigurationDelegate - Bootstrapping Spring Data JPA repositories in DEFAULT mode.
2025-12-29 11:36:48,841 INFO  org.springframework.data.repository.config.RepositoryConfigurationDelegate - Finished Spring Data repository scanning in 21 ms. Found 2 JPA repository interfaces.
2025-12-29 11:36:48,996 INFO  org.springframework.boot.tomcat.TomcatWebServer - Tomcat initialized with port 8080 (http)
2025-12-29 11:36:48,998 INFO  org.apache.coyote.http11.Http11NioProtocol - Initializing ProtocolHandler ["http-nio-8080"]
2025-12-29 11:36:48,999 INFO  org.apache.catalina.core.StandardService - Starting service [Tomcat]
2025-12-29 11:36:48,999 INFO  org.apache.catalina.core.StandardEngine - Starting Servlet engine: [Apache Tomcat/11.0.15]
2025-12-29 11:36:49,048 INFO  org.springframework.boot.web.context.servlet.WebApplicationContextInitializer - Root WebApplicationContext: initialization completed in 557 ms
2025-12-29 11:36:51,720 INFO  in.journal.MyJournalApplication - Starting MyJournalApplication using Java 21.0.7 with PID 34000 (C:\Users\TU39\git\repository4\MyJournal\target\classes started by TU39 in C:\Users\TU39\git\repository4\MyJournal)
2025-12-29 11:36:51,723 INFO  in.journal.MyJournalApplication - The following 1 profile is active: "dev"
2025-12-29 11:36:51,793 INFO  org.springframework.boot.devtools.env.DevToolsPropertyDefaultsPostProcessor - Devtools property defaults active! Set 'spring.devtools.add-properties' to 'false' to disable
2025-12-29 11:36:51,794 INFO  org.springframework.boot.devtools.env.DevToolsPropertyDefaultsPostProcessor - For additional web related logging consider setting the 'logging.level.web' property to 'DEBUG'
2025-12-29 11:36:52,029 INFO  org.hibernate.validator.internal.util.Version - HV000001: Hibernate Validator 9.0.1.Final
2025-12-29 11:36:52,687 INFO  org.springframework.data.repository.config.RepositoryConfigurationDelegate - Bootstrapping Spring Data JPA repositories in DEFAULT mode.
2025-12-29 11:36:52,750 INFO  org.springframework.data.repository.config.RepositoryConfigurationDelegate - Finished Spring Data repository scanning in 50 ms. Found 2 JPA repository interfaces.
2025-12-29 11:36:53,358 INFO  org.springframework.boot.tomcat.TomcatWebServer - Tomcat initialized with port 8080 (http)
2025-12-29 11:36:53,372 INFO  org.apache.coyote.http11.Http11NioProtocol - Initializing ProtocolHandler ["http-nio-8080"]
2025-12-29 11:36:53,374 INFO  org.apache.catalina.core.StandardService - Starting service [Tomcat]
2025-12-29 11:36:53,374 INFO  org.apache.catalina.core.StandardEngine - Starting Servlet engine: [Apache Tomcat/11.0.15]
2025-12-29 11:36:53,438 INFO  org.springframework.boot.web.context.servlet.WebApplicationContextInitializer - Root WebApplicationContext: initialization completed in 1642 ms
2025-12-29 11:36:53,635 INFO  org.hibernate.orm.jpa - HHH008540: Processing PersistenceUnitInfo [name: default]
2025-12-29 11:36:53,704 INFO  org.hibernate.orm.core - HHH000001: Hibernate ORM core version 7.2.0.Final
2025-12-29 11:36:54,362 INFO  org.springframework.orm.jpa.persistenceunit.SpringPersistenceUnitInfo - No LoadTimeWeaver setup: ignoring JPA class transformer
2025-12-29 11:36:54,428 INFO  com.zaxxer.hikari.HikariDataSource - HikariPool-1 - Starting...
2025-12-29 11:36:54,690 INFO  com.zaxxer.hikari.pool.HikariPool - HikariPool-1 - Added connection org.postgresql.jdbc.PgConnection@670aaa70
2025-12-29 11:36:54,691 INFO  com.zaxxer.hikari.HikariDataSource - HikariPool-1 - Start completed.
2025-12-29 11:36:54,738 WARN  org.hibernate.orm.deprecation - HHH90000025: PostgreSQLDialect does not need to be specified explicitly using 'hibernate.dialect' (remove the property setting and it will be selected by default)
2025-12-29 11:36:54,775 INFO  org.hibernate.orm.connections.pooling - HHH10001005: Database info:
	Database JDBC URL [jdbc:postgresql://localhost:5432/JournalEntries]
	Database driver: PostgreSQL JDBC Driver
	Database dialect: PostgreSQLDialect
	Database version: 17.4
	Default catalog/schema: JournalEntries/public
	Autocommit mode: undefined/unknown
	Isolation level: READ_COMMITTED [default READ_COMMITTED]
	JDBC fetch size: none
	Pool: DataSourceConnectionProvider
	Minimum pool size: undefined/unknown
	Maximum pool size: undefined/unknown
2025-12-29 11:36:56,040 INFO  org.hibernate.orm.core - HHH000489: No JTA platform available (set 'hibernate.transaction.jta.platform' to enable JTA platform integration)
2025-12-29 11:36:56,159 INFO  org.springframework.orm.jpa.LocalContainerEntityManagerFactoryBean - Initialized JPA EntityManagerFactory for persistence unit 'default'
2025-12-29 11:36:56,268 INFO  org.springframework.data.jpa.repository.query.QueryEnhancerFactories - Hibernate is in classpath; If applicable, HQL parser will be used.
2025-12-29 11:36:56,473 TRACE org.springframework.transaction.annotation.AnnotationTransactionAttributeSource - Adding transactional method 'in.journal.service.UserServiceImpl.deletebyUsername' with attribute: PROPAGATION_REQUIRED,ISOLATION_DEFAULT
2025-12-29 11:36:56,519 TRACE org.springframework.transaction.annotation.AnnotationTransactionAttributeSource - Adding transactional method 'in.journal.service.JournalService.createEntry' with attribute: PROPAGATION_REQUIRED,ISOLATION_DEFAULT
2025-12-29 11:36:56,521 TRACE org.springframework.transaction.annotation.AnnotationTransactionAttributeSource - Adding transactional method 'in.journal.service.JournalService.removeEntry' with attribute: PROPAGATION_REQUIRED,ISOLATION_DEFAULT
2025-12-29 11:36:56,611 WARN  org.springframework.boot.jpa.autoconfigure.JpaBaseConfiguration$JpaWebConfiguration - spring.jpa.open-in-view is enabled by default. Therefore, database queries may be performed during view rendering. Explicitly configure spring.jpa.open-in-view to disable this warning
2025-12-29 11:36:56,697 INFO  org.springframework.security.config.annotation.authentication.configuration.InitializeUserDetailsBeanManagerConfigurer$InitializeUserDetailsManagerConfigurer - Global AuthenticationManager configured with UserDetailsService bean with name customUserDetailServiceImp
2025-12-29 11:36:57,075 WARN  org.springframework.boot.thymeleaf.autoconfigure.ThymeleafAutoConfiguration$DefaultTemplateResolverConfiguration - Cannot find template location: classpath:/templates/ (please add some templates, check your Thymeleaf configuration, or set spring.thymeleaf.check-template-location=false)
2025-12-29 11:36:57,251 INFO  org.apache.coyote.http11.Http11NioProtocol - Starting ProtocolHandler ["http-nio-8080"]
2025-12-29 11:36:57,270 INFO  org.springframework.boot.tomcat.TomcatWebServer - Tomcat started on port 8080 (http) with context path '/'
2025-12-29 11:36:57,277 INFO  in.journal.MyJournalApplication - Started MyJournalApplication in 6.051 seconds (process running for 7.225)
2025-12-29 11:37:23,256 INFO  org.apache.catalina.core.ContainerBase.[Tomcat].[localhost].[/] - Initializing Spring DispatcherServlet 'dispatcherServlet'
2025-12-29 11:37:23,257 INFO  org.springframework.web.servlet.DispatcherServlet - Initializing Servlet 'dispatcherServlet'
2025-12-29 11:37:23,259 INFO  org.springframework.web.servlet.DispatcherServlet - Completed initialization in 2 ms
2025-12-29 11:37:23,721 TRACE org.springframework.transaction.interceptor.TransactionInterceptor - Getting transaction for [org.springframework.data.jpa.repository.support.SimpleJpaRepository.save]
2025-12-29 11:37:23,819 DEBUG org.hibernate.SQL - insert into users (password,role,username) values (?,?,?)
2025-12-29 11:37:23,858 WARN  org.hibernate.orm.jdbc.error - HHH000247: ErrorCode: 0, SQLState: 23505
2025-12-29 11:37:23,860 WARN  org.hibernate.orm.jdbc.error - ERROR: duplicate key value violates unique constraint "ukr43af9ap4edm43mmtq01oddj6"
  Detail: Key (username)=(dustin) already exists.
2025-12-29 11:37:23,879 TRACE org.springframework.transaction.interceptor.TransactionInterceptor - Completing transaction for [org.springframework.data.jpa.repository.support.SimpleJpaRepository.save] after exception: org.hibernate.exception.ConstraintViolationException: could not execute statement [ERROR: duplicate key value violates unique constraint "ukr43af9ap4edm43mmtq01oddj6"
  Detail: Key (username)=(dustin) already exists.] [insert into users (password,role,username) values (?,?,?)]
2025-12-29 11:37:23,892 INFO  in.journal.service.UserServiceImpl - Logger says info not saved for the user
2025-12-29 11:40:33,876 INFO  in.journal.MyJournalApplication - Starting MyJournalApplication using Java 21.0.7 with PID 18932 (C:\Users\TU39\git\repository4\MyJournal\target\classes started by TU39 in C:\Users\TU39\git\repository4\MyJournal)
2025-12-29 11:40:33,879 INFO  in.journal.MyJournalApplication - The following 1 profile is active: "dev"
2025-12-29 11:40:33,950 INFO  org.springframework.boot.devtools.env.DevToolsPropertyDefaultsPostProcessor - Devtools property defaults active! Set 'spring.devtools.add-properties' to 'false' to disable
2025-12-29 11:40:33,951 INFO  org.springframework.boot.devtools.env.DevToolsPropertyDefaultsPostProcessor - For additional web related logging consider setting the 'logging.level.web' property to 'DEBUG'
2025-12-29 11:40:34,193 INFO  org.hibernate.validator.internal.util.Version - HV000001: Hibernate Validator 9.0.1.Final
2025-12-29 11:40:34,852 INFO  org.springframework.data.repository.config.RepositoryConfigurationDelegate - Bootstrapping Spring Data JPA repositories in DEFAULT mode.
2025-12-29 11:40:34,917 INFO  org.springframework.data.repository.config.RepositoryConfigurationDelegate - Finished Spring Data repository scanning in 53 ms. Found 2 JPA repository interfaces.
2025-12-29 11:40:35,519 INFO  org.springframework.boot.tomcat.TomcatWebServer - Tomcat initialized with port 8080 (http)
2025-12-29 11:40:35,532 INFO  org.apache.coyote.http11.Http11NioProtocol - Initializing ProtocolHandler ["http-nio-8080"]
2025-12-29 11:40:35,534 INFO  org.apache.catalina.core.StandardService - Starting service [Tomcat]
2025-12-29 11:40:35,534 INFO  org.apache.catalina.core.StandardEngine - Starting Servlet engine: [Apache Tomcat/11.0.15]
2025-12-29 11:40:35,597 INFO  org.springframework.boot.web.context.servlet.WebApplicationContextInitializer - Root WebApplicationContext: initialization completed in 1646 ms
2025-12-29 11:40:35,765 INFO  org.hibernate.orm.jpa - HHH008540: Processing PersistenceUnitInfo [name: default]
2025-12-29 11:40:35,830 INFO  org.hibernate.orm.core - HHH000001: Hibernate ORM core version 7.2.0.Final
2025-12-29 11:40:36,339 INFO  org.springframework.orm.jpa.persistenceunit.SpringPersistenceUnitInfo - No LoadTimeWeaver setup: ignoring JPA class transformer
2025-12-29 11:40:36,383 INFO  com.zaxxer.hikari.HikariDataSource - HikariPool-1 - Starting...
2025-12-29 11:40:36,568 INFO  com.zaxxer.hikari.pool.HikariPool - HikariPool-1 - Added connection org.postgresql.jdbc.PgConnection@259c8c47
2025-12-29 11:40:36,570 INFO  com.zaxxer.hikari.HikariDataSource - HikariPool-1 - Start completed.
2025-12-29 11:40:36,608 WARN  org.hibernate.orm.deprecation - HHH90000025: PostgreSQLDialect does not need to be specified explicitly using 'hibernate.dialect' (remove the property setting and it will be selected by default)
2025-12-29 11:40:36,637 INFO  org.hibernate.orm.connections.pooling - HHH10001005: Database info:
	Database JDBC URL [jdbc:postgresql://localhost:5432/JournalEntries]
	Database driver: PostgreSQL JDBC Driver
	Database dialect: PostgreSQLDialect
	Database version: 17.4
	Default catalog/schema: JournalEntries/public
	Autocommit mode: undefined/unknown
	Isolation level: READ_COMMITTED [default READ_COMMITTED]
	JDBC fetch size: none
	Pool: DataSourceConnectionProvider
	Minimum pool size: undefined/unknown
	Maximum pool size: undefined/unknown
2025-12-29 11:40:37,780 INFO  org.hibernate.orm.core - HHH000489: No JTA platform available (set 'hibernate.transaction.jta.platform' to enable JTA platform integration)
2025-12-29 11:40:37,884 INFO  org.springframework.orm.jpa.LocalContainerEntityManagerFactoryBean - Initialized JPA EntityManagerFactory for persistence unit 'default'
2025-12-29 11:40:37,983 INFO  org.springframework.data.jpa.repository.query.QueryEnhancerFactories - Hibernate is in classpath; If applicable, HQL parser will be used.
2025-12-29 11:40:38,179 TRACE org.springframework.transaction.annotation.AnnotationTransactionAttributeSource - Adding transactional method 'in.journal.service.UserServiceImpl.deletebyUsername' with attribute: PROPAGATION_REQUIRED,ISOLATION_DEFAULT
2025-12-29 11:40:38,223 TRACE org.springframework.transaction.annotation.AnnotationTransactionAttributeSource - Adding transactional method 'in.journal.service.JournalService.createEntry' with attribute: PROPAGATION_REQUIRED,ISOLATION_DEFAULT
2025-12-29 11:40:38,224 TRACE org.springframework.transaction.annotation.AnnotationTransactionAttributeSource - Adding transactional method 'in.journal.service.JournalService.removeEntry' with attribute: PROPAGATION_REQUIRED,ISOLATION_DEFAULT
2025-12-29 11:40:38,299 WARN  org.springframework.boot.jpa.autoconfigure.JpaBaseConfiguration$JpaWebConfiguration - spring.jpa.open-in-view is enabled by default. Therefore, database queries may be performed during view rendering. Explicitly configure spring.jpa.open-in-view to disable this warning
2025-12-29 11:40:38,382 INFO  org.springframework.security.config.annotation.authentication.configuration.InitializeUserDetailsBeanManagerConfigurer$InitializeUserDetailsManagerConfigurer - Global AuthenticationManager configured with UserDetailsService bean with name customUserDetailServiceImp
2025-12-29 11:40:38,764 WARN  org.springframework.boot.thymeleaf.autoconfigure.ThymeleafAutoConfiguration$DefaultTemplateResolverConfiguration - Cannot find template location: classpath:/templates/ (please add some templates, check your Thymeleaf configuration, or set spring.thymeleaf.check-template-location=false)
2025-12-29 11:40:38,955 INFO  org.apache.coyote.http11.Http11NioProtocol - Starting ProtocolHandler ["http-nio-8080"]
2025-12-29 11:40:38,984 INFO  org.springframework.boot.tomcat.TomcatWebServer - Tomcat started on port 8080 (http) with context path '/'
2025-12-29 11:40:38,992 INFO  in.journal.MyJournalApplication - Started MyJournalApplication in 5.603 seconds (process running for 6.808)
